[
  {
    "level": "INFO",
    "message": "android.ndkVersion from module build.gradle is 20.0.5594570"
  },
  {
    "level": "INFO",
    "message": "ndk.dir in local.properties is D:\\Android_SDK\\ndk\\20.0.5594570"
  },
  {
    "level": "INFO",
    "message": "ANDROID_NDK_HOME environment variable is not set"
  },
  {
    "level": "INFO",
    "message": "sdkFolder is D:\\Program Files\\eclipse\\SDK"
  },
  {
    "level": "INFO",
    "message": "NDK side-by-side folder from sdkFolder D:\\Program Files\\eclipse\\SDK\\ndk does not exist"
  },
  {
    "level": "INFO",
    "message": "Considering D:\\Android_SDK\\ndk\\20.0.5594570 by ndk.dir"
  },
  {
    "level": "INFO",
    "message": "Considering D:\\Program Files\\eclipse\\SDK\\ndk-bundle in SDK ndk-bundle folder"
  },
  {
    "level": "INFO",
    "message": "Rejected D:\\Android_SDK\\ndk\\20.0.5594570 by ndk.dir because that location has no source.properties"
  },
  {
    "level": "INFO",
    "message": "Rejected D:\\Program Files\\eclipse\\SDK\\ndk-bundle in SDK ndk-bundle folder because that location has no source.properties"
  },
  {
    "level": "WARN",
    "message": "Compatible side by side NDK version was not found for android.ndkVersion \u002720.0.5594570\u0027"
  }
]